<?xml version="1.0" encoding="UTF-8"?>
<!-- Generated by org.testng.reporters.JUnitReportReporter -->
<testsuite hostname="C00TB015822" failures="0" tests="9" name="org.example.tests.TestAddProductBebek" time="29.804" errors="0" timestamp="2024-11-03T16:49:13 TRT" skipped="0">
  <testcase classname="org.example.tests.TestAddProductBebek" name="acceptCookiesTest" time="2.158"/>
  <testcase classname="org.example.tests.TestAddProductBebek" name="menuButtonClickTest" time="2.068"/>
  <testcase classname="org.example.tests.TestAddProductBebek" name="menuViewAllClickTest" time="2.075"/>
  <testcase classname="org.example.tests.TestAddProductBebek" name="kategoriBebekClickTest" time="2.081"/>
  <testcase classname="org.example.tests.TestAddProductBebek" name="altKategoriBebekClickTest" time="3.727"/>
  <testcase classname="org.example.tests.TestAddProductBebek" name="ürünMendilSecimiTest" time="3.887"/>
  <testcase classname="org.example.tests.TestAddProductBebek" name="ürünSecimiTest" time="6.517"/>
  <testcase classname="org.example.tests.TestAddProductBebek" name="ürünSepeteEkleTest" time="3.696"/>
  <testcase classname="org.example.tests.TestAddProductBebek" name="sepetGoruntuleTest" time="3.595"/>
</testsuite> <!-- org.example.tests.TestAddProductBebek -->
